{"level":"error","message":"Error message {\"error\":\"failed to connect to [localhost:27017]\"}","timestamp":"2015-07-17T09:45:07.027Z"}
{"level":"error","message":"Error message {\"error\":\"Failed to lookup view \\\"index\\\" in views directory \\\"D:\\\\Pankaj\\\\MongoDB\\\\nodejs\\\\CustomMVC_Modular\\\\PankajNode_latest\\\\PankajNode\\\\views\\\"\"}","timestamp":"2016-02-08T09:40:39.036Z"}
{"level":"error","message":"Error message {\"error\":\"failed to connect to [localhost:27017]\"}","timestamp":"2016-02-08T09:45:01.915Z"}
{"level":"error","message":"Error message {\"error\":\"Failed to lookup view \\\"index\\\" in views directory \\\"E:\\\\NodeJS\\\\PankajNode\\\\CustomMVC_Node\\\\views\\\"\"}","timestamp":"2016-05-30T05:57:43.917Z"}
{"level":"error","message":"Error message {\"error\":\"failed to connect to [localhost:27017]\"}","timestamp":"2016-05-30T06:00:38.759Z"}
{"level":"error","message":"Error message {\"error\":\"Cannot read property 'handler' of undefined\"}","timestamp":"2016-05-30T06:16:12.855Z"}
{"level":"error","message":"Error message {\"error\":\"Cannot read property 'handler' of undefined\"}","timestamp":"2016-05-30T06:16:12.863Z"}
{"level":"error","message":"Error message {\"error\":\"Cannot read property 'handler' of undefined\"}","timestamp":"2016-05-30T06:16:12.884Z"}
{"level":"error","message":"Error message {\"error\":\"Cannot read property 'handler' of undefined\"}","timestamp":"2016-05-30T06:16:12.888Z"}
{"level":"error","message":"Error message {\"error\":\"Cannot read property 'handler' of undefined\"}","timestamp":"2016-05-30T06:16:12.890Z"}
{"level":"error","message":"Error message {\"error\":\"Cannot read property 'handler' of undefined\"}","timestamp":"2016-05-30T06:16:12.894Z"}
{"level":"error","message":"Error message {\"error\":\"Cannot read property 'handler' of undefined\"}","timestamp":"2016-05-30T06:16:12.898Z"}
{"level":"error","message":"Error message {\"error\":\"Cannot read property 'handler' of undefined\"}","timestamp":"2016-05-30T06:16:12.902Z"}
{"level":"error","message":"Error message {\"error\":\"Cannot read property 'handler' of undefined\"}","timestamp":"2016-05-30T06:16:12.916Z"}
{"level":"error","message":"Error message {\"error\":\"Cannot read property 'handler' of undefined\"}","timestamp":"2016-05-30T06:16:12.945Z"}
{"level":"error","message":"Error message {\"error\":\"Cannot read property 'handler' of undefined\"}","timestamp":"2016-05-30T06:16:12.949Z"}
{"level":"error","message":"Error message {\"error\":\"Cannot read property 'handler' of undefined\"}","timestamp":"2016-05-30T06:16:12.960Z"}
{"level":"error","message":"Error message {\"error\":\"Cannot read property 'handler' of undefined\"}","timestamp":"2016-05-30T06:16:14.197Z"}
{"level":"error","message":"Error message {\"error\":\"Cannot read property 'handler' of undefined\"}","timestamp":"2016-05-30T06:16:14.213Z"}
{"level":"error","message":"Error message {\"error\":\"Cannot read property 'handler' of undefined\"}","timestamp":"2016-05-30T06:16:14.223Z"}
{"level":"error","message":"Error message {\"error\":\"Cannot read property 'handler' of undefined\"}","timestamp":"2016-05-30T06:16:14.230Z"}
{"level":"error","message":"Error message {\"error\":\"Cannot read property 'handler' of undefined\"}","timestamp":"2016-05-30T06:16:14.235Z"}
{"level":"error","message":"Error message {\"error\":\"Cannot read property 'handler' of undefined\"}","timestamp":"2016-05-30T06:16:14.238Z"}
{"level":"error","message":"Error message {\"error\":\"Cannot read property 'handler' of undefined\"}","timestamp":"2016-05-30T06:16:14.247Z"}
{"level":"error","message":"Error message {\"error\":\"Cannot read property 'handler' of undefined\"}","timestamp":"2016-05-30T06:16:14.252Z"}
{"level":"error","message":"Error message {\"error\":\"Cannot read property 'handler' of undefined\"}","timestamp":"2016-05-30T06:16:14.258Z"}
{"level":"error","message":"Error message {\"error\":\"Cannot read property 'handler' of undefined\"}","timestamp":"2016-05-30T06:16:14.328Z"}
{"level":"error","message":"Error message {\"error\":\"Cannot read property 'handler' of undefined\"}","timestamp":"2016-05-30T06:16:14.333Z"}
{"level":"error","message":"Error message {\"error\":\"Cannot read property 'handler' of undefined\"}","timestamp":"2016-05-30T06:16:14.335Z"}
{"level":"error","message":"Error message {\"error\":\"Cannot read property 'handler' of undefined\"}","timestamp":"2016-05-30T06:16:14.338Z"}
{"level":"error","message":"Error message {\"error\":\"Cannot read property 'handler' of undefined\"}","timestamp":"2016-05-30T06:16:14.340Z"}
{"level":"error","message":"Error message {\"error\":\"Cannot read property 'handler' of undefined\"}","timestamp":"2016-05-30T06:16:21.753Z"}
{"level":"error","message":"Error message {\"error\":\"Cannot read property 'handler' of undefined\"}","timestamp":"2016-05-30T06:16:21.763Z"}
{"level":"error","message":"Error message {\"error\":\"Cannot read property 'handler' of undefined\"}","timestamp":"2016-05-30T06:16:21.766Z"}
{"level":"error","message":"Error message {\"error\":\"Cannot read property 'handler' of undefined\"}","timestamp":"2016-05-30T06:16:21.768Z"}
{"level":"error","message":"Error message {\"error\":\"Cannot read property 'handler' of undefined\"}","timestamp":"2016-05-30T06:16:21.772Z"}
{"level":"error","message":"Error message {\"error\":\"Cannot read property 'handler' of undefined\"}","timestamp":"2016-05-30T06:16:21.779Z"}
{"level":"error","message":"Error message {\"error\":\"Cannot read property 'handler' of undefined\"}","timestamp":"2016-05-30T06:16:21.956Z"}
{"level":"error","message":"Error message {\"error\":\"Cannot read property 'handler' of undefined\"}","timestamp":"2016-05-30T06:16:21.974Z"}
{"level":"error","message":"Error message {\"error\":\"Cannot read property 'handler' of undefined\"}","timestamp":"2016-05-30T06:16:21.979Z"}
{"level":"error","message":"Error message {\"error\":\"Cannot read property 'handler' of undefined\"}","timestamp":"2016-05-30T06:16:21.984Z"}
{"level":"error","message":"Error message {\"error\":\"Cannot read property 'handler' of undefined\"}","timestamp":"2016-05-30T06:16:22.024Z"}
{"level":"error","message":"Error message {\"error\":\"Cannot read property 'handler' of undefined\"}","timestamp":"2016-05-30T06:16:22.028Z"}
{"level":"error","message":"Error message {\"error\":\"Cannot read property 'handler' of undefined\"}","timestamp":"2016-05-30T06:16:22.102Z"}
{"level":"error","message":"Error message {\"error\":\"Cannot read property 'handler' of undefined\"}","timestamp":"2016-05-30T06:16:22.128Z"}
{"level":"error","message":"Error message {\"error\":\"Cannot read property 'handler' of undefined\"}","timestamp":"2016-05-30T06:16:23.460Z"}
{"level":"error","message":"Error message {\"error\":\"Cannot read property 'handler' of undefined\"}","timestamp":"2016-05-30T06:16:23.462Z"}
{"level":"error","message":"Error message {\"error\":\"Cannot read property 'handler' of undefined\"}","timestamp":"2016-05-30T06:16:23.474Z"}
{"level":"error","message":"Error message {\"error\":\"Cannot read property 'handler' of undefined\"}","timestamp":"2016-05-30T06:16:23.478Z"}
{"level":"error","message":"Error message {\"error\":\"Cannot read property 'handler' of undefined\"}","timestamp":"2016-05-30T06:16:23.480Z"}
{"level":"error","message":"Error message {\"error\":\"Cannot read property 'handler' of undefined\"}","timestamp":"2016-05-30T06:16:23.482Z"}
{"level":"error","message":"Error message {\"error\":\"Cannot read property 'handler' of undefined\"}","timestamp":"2016-05-30T06:16:23.508Z"}
{"level":"error","message":"Error message {\"error\":\"Cannot read property 'handler' of undefined\"}","timestamp":"2016-05-30T06:16:23.514Z"}
{"level":"error","message":"Error message {\"error\":\"Cannot read property 'handler' of undefined\"}","timestamp":"2016-05-30T06:16:23.516Z"}
{"level":"error","message":"Error message {\"error\":\"Cannot read property 'handler' of undefined\"}","timestamp":"2016-05-30T06:16:23.523Z"}
{"level":"error","message":"Error message {\"error\":\"Cannot read property 'handler' of undefined\"}","timestamp":"2016-05-30T06:16:23.525Z"}
{"level":"error","message":"Error message {\"error\":\"Cannot read property 'handler' of undefined\"}","timestamp":"2016-05-30T06:16:23.568Z"}
{"level":"error","message":"Error message {\"error\":\"Cannot read property 'handler' of undefined\"}","timestamp":"2016-05-30T06:16:23.571Z"}
{"level":"error","message":"Error message {\"error\":\"Cannot read property 'handler' of undefined\"}","timestamp":"2016-05-30T06:16:23.573Z"}
{"level":"error","message":"Error message {\"error\":\"Cannot read property 'handler' of undefined\"}","timestamp":"2016-05-30T06:16:28.011Z"}
{"level":"error","message":"Error message {\"error\":\"Cannot read property 'handler' of undefined\"}","timestamp":"2016-05-30T06:16:28.016Z"}
{"level":"error","message":"Error message {\"error\":\"Cannot read property 'handler' of undefined\"}","timestamp":"2016-05-30T06:16:28.018Z"}
{"level":"error","message":"Error message {\"error\":\"Cannot read property 'handler' of undefined\"}","timestamp":"2016-05-30T06:16:28.021Z"}
{"level":"error","message":"Error message {\"error\":\"Cannot read property 'handler' of undefined\"}","timestamp":"2016-05-30T06:16:28.023Z"}
{"level":"error","message":"Error message {\"error\":\"Cannot read property 'handler' of undefined\"}","timestamp":"2016-05-30T06:16:28.026Z"}
{"level":"error","message":"Error message {\"error\":\"Cannot read property 'handler' of undefined\"}","timestamp":"2016-05-30T06:16:28.032Z"}
{"level":"error","message":"Error message {\"error\":\"Cannot read property 'handler' of undefined\"}","timestamp":"2016-05-30T06:16:28.047Z"}
{"level":"error","message":"Error message {\"error\":\"Cannot read property 'handler' of undefined\"}","timestamp":"2016-05-30T06:16:28.051Z"}
{"level":"error","message":"Error message {\"error\":\"Cannot read property 'handler' of undefined\"}","timestamp":"2016-05-30T06:16:28.054Z"}
{"level":"error","message":"Error message {\"error\":\"Cannot read property 'handler' of undefined\"}","timestamp":"2016-05-30T06:16:28.060Z"}
{"level":"error","message":"Error message {\"error\":\"Cannot read property 'handler' of undefined\"}","timestamp":"2016-05-30T06:16:28.064Z"}
{"level":"error","message":"Error message {\"error\":\"Cannot read property 'handler' of undefined\"}","timestamp":"2016-05-30T06:16:28.066Z"}
{"level":"error","message":"Error message {\"error\":\"Cannot read property 'handler' of undefined\"}","timestamp":"2016-05-30T06:16:28.094Z"}
{"level":"error","message":"Error message {\"error\":\"Cannot read property 'handler' of undefined\"}","timestamp":"2016-05-30T06:16:31.345Z"}
{"level":"error","message":"Error message {\"error\":\"Cannot read property 'handler' of undefined\"}","timestamp":"2016-05-30T06:16:31.353Z"}
{"level":"error","message":"Error message {\"error\":\"Cannot read property 'handler' of undefined\"}","timestamp":"2016-05-30T06:16:31.360Z"}
{"level":"error","message":"Error message {\"error\":\"Cannot read property 'handler' of undefined\"}","timestamp":"2016-05-30T06:16:31.362Z"}
{"level":"error","message":"Error message {\"error\":\"Cannot read property 'handler' of undefined\"}","timestamp":"2016-05-30T06:16:31.365Z"}
{"level":"error","message":"Error message {\"error\":\"Cannot read property 'handler' of undefined\"}","timestamp":"2016-05-30T06:16:31.372Z"}
{"level":"error","message":"Error message {\"error\":\"Cannot read property 'handler' of undefined\"}","timestamp":"2016-05-30T06:16:31.376Z"}
{"level":"error","message":"Error message {\"error\":\"Cannot read property 'handler' of undefined\"}","timestamp":"2016-05-30T06:16:31.391Z"}
{"level":"error","message":"Error message {\"error\":\"Cannot read property 'handler' of undefined\"}","timestamp":"2016-05-30T06:16:31.396Z"}
{"level":"error","message":"Error message {\"error\":\"Cannot read property 'handler' of undefined\"}","timestamp":"2016-05-30T06:16:31.428Z"}
{"level":"error","message":"Error message {\"error\":\"Cannot read property 'handler' of undefined\"}","timestamp":"2016-05-30T06:16:31.435Z"}
{"level":"error","message":"Error message {\"error\":\"Cannot read property 'handler' of undefined\"}","timestamp":"2016-05-30T06:16:31.441Z"}
{"level":"error","message":"Error message {\"error\":\"Cannot read property 'handler' of undefined\"}","timestamp":"2016-05-30T06:16:31.444Z"}
{"level":"error","message":"Error message {\"error\":\"Cannot read property 'handler' of undefined\"}","timestamp":"2016-05-30T06:16:31.446Z"}
{"level":"error","message":"Error message {\"error\":\"Cannot read property 'handler' of undefined\"}","timestamp":"2016-05-30T06:16:36.378Z"}
{"level":"error","message":"Error message {\"error\":\"Cannot read property 'handler' of undefined\"}","timestamp":"2016-05-30T06:16:36.382Z"}
{"level":"error","message":"Error message {\"error\":\"Cannot read property 'handler' of undefined\"}","timestamp":"2016-05-30T06:16:36.384Z"}
{"level":"error","message":"Error message {\"error\":\"Cannot read property 'handler' of undefined\"}","timestamp":"2016-05-30T06:16:36.387Z"}
{"level":"error","message":"Error message {\"error\":\"Cannot read property 'handler' of undefined\"}","timestamp":"2016-05-30T06:16:36.389Z"}
{"level":"error","message":"Error message {\"error\":\"Cannot read property 'handler' of undefined\"}","timestamp":"2016-05-30T06:16:36.392Z"}
{"level":"error","message":"Error message {\"error\":\"Cannot read property 'handler' of undefined\"}","timestamp":"2016-05-30T06:16:36.403Z"}
{"level":"error","message":"Error message {\"error\":\"Cannot read property 'handler' of undefined\"}","timestamp":"2016-05-30T06:16:36.416Z"}
{"level":"error","message":"Error message {\"error\":\"Cannot read property 'handler' of undefined\"}","timestamp":"2016-05-30T06:16:36.423Z"}
{"level":"error","message":"Error message {\"error\":\"Cannot read property 'handler' of undefined\"}","timestamp":"2016-05-30T06:16:36.426Z"}
{"level":"error","message":"Error message {\"error\":\"Cannot read property 'handler' of undefined\"}","timestamp":"2016-05-30T06:16:36.428Z"}
{"level":"error","message":"Error message {\"error\":\"Cannot read property 'handler' of undefined\"}","timestamp":"2016-05-30T06:16:36.431Z"}
{"level":"error","message":"Error message {\"error\":\"Cannot read property 'handler' of undefined\"}","timestamp":"2016-05-30T06:16:36.433Z"}
{"level":"error","message":"Error message {\"error\":\"Cannot read property 'handler' of undefined\"}","timestamp":"2016-05-30T06:16:36.465Z"}
{"level":"error","message":"Error message {\"error\":\"Failed to lookup view \\\"index\\\" in views directory \\\"E:\\\\NodeJS\\\\PankajNode\\\\CustomMVC_Node\\\\build\\\\views\\\"\"}","timestamp":"2016-07-14T09:17:20.702Z"}
{"level":"error","message":"Error message {\"error\":\"Cannot read property 'handler' of undefined\"}","timestamp":"2016-07-19T10:35:48.040Z"}
{"level":"error","message":"Error message {\"error\":\"Cannot read property 'handler' of undefined\"}","timestamp":"2016-07-19T10:36:20.098Z"}
{"level":"error","message":"Error message {\"error\":\"Cannot read property 'handler' of undefined\"}","timestamp":"2016-07-19T10:36:20.294Z"}
{"level":"error","message":"Error message {\"error\":\"Cannot read property 'handler' of undefined\"}","timestamp":"2016-07-19T10:36:20.309Z"}
{"level":"error","message":"Error message {\"error\":\"Cannot read property 'handler' of undefined\"}","timestamp":"2016-07-19T10:36:20.319Z"}
{"level":"error","message":"Error message {\"error\":\"Cannot read property 'handler' of undefined\"}","timestamp":"2016-07-19T10:36:20.325Z"}
{"level":"error","message":"Error message {\"error\":\"Cannot read property 'handler' of undefined\"}","timestamp":"2016-07-19T10:36:20.332Z"}
{"level":"error","message":"Error message {\"error\":\"Cannot read property 'handler' of undefined\"}","timestamp":"2016-07-19T10:36:20.341Z"}
{"level":"error","message":"Error message {\"error\":\"Cannot read property 'handler' of undefined\"}","timestamp":"2016-07-19T10:36:20.343Z"}
{"level":"error","message":"Error message {\"error\":\"Cannot read property 'handler' of undefined\"}","timestamp":"2016-07-19T10:36:20.345Z"}
{"level":"error","message":"Error message {\"error\":\"Cannot read property 'handler' of undefined\"}","timestamp":"2016-07-19T10:36:20.352Z"}
{"level":"error","message":"Error message {\"error\":\"Cannot read property 'handler' of undefined\"}","timestamp":"2016-07-19T10:36:20.358Z"}
{"level":"error","message":"Error message {\"error\":\"Cannot read property 'handler' of undefined\"}","timestamp":"2016-07-19T10:36:20.361Z"}
{"level":"error","message":"Error message {\"error\":\"Cannot read property 'handler' of undefined\"}","timestamp":"2016-07-19T10:36:20.363Z"}
{"level":"error","message":"Error message {\"error\":\"Cannot read property 'handler' of undefined\"}","timestamp":"2016-07-19T10:36:20.365Z"}
{"level":"error","message":"Error message {\"error\":\"Cannot read property 'handler' of undefined\"}","timestamp":"2016-07-19T10:36:20.371Z"}
{"level":"error","message":"Error message {\"error\":\"Cannot read property 'handler' of undefined\"}","timestamp":"2016-07-19T10:36:46.100Z"}
{"level":"error","message":"Error message {\"error\":\"Cannot read property 'handler' of undefined\"}","timestamp":"2016-07-19T10:37:44.560Z"}
{"level":"error","message":"Error message {\"error\":\"Cannot read property 'handler' of undefined\"}","timestamp":"2016-07-19T11:37:56.060Z"}
{"level":"error","message":"Error message {\"error\":\"Cannot read property 'handler' of undefined\"}","timestamp":"2016-07-19T11:38:54.451Z"}
{"level":"error","message":"Error message {\"error\":\"Failed to lookup view \\\"index\\\" in views directory \\\"E:\\\\NodeJS\\\\PankajNode\\\\CustomMVC_Node\\\\build\\\\views\\\"\"}","timestamp":"2016-07-21T07:24:40.680Z"}
{"level":"error","message":"Error message {\"error\":\"Cannot read property 'handler' of undefined\"}","timestamp":"2016-07-21T07:25:03.488Z"}
{"level":"error","message":"Error message {\"error\":\"Cannot read property 'handler' of undefined\"}","timestamp":"2016-07-21T07:25:03.494Z"}
{"level":"error","message":"Error message {\"error\":\"Cannot read property 'handler' of undefined\"}","timestamp":"2016-07-21T07:25:03.496Z"}
{"level":"error","message":"Error message {\"error\":\"Cannot read property 'handler' of undefined\"}","timestamp":"2016-07-21T07:25:03.498Z"}
{"level":"error","message":"Error message {\"error\":\"Cannot read property 'handler' of undefined\"}","timestamp":"2016-07-21T07:25:03.506Z"}
{"level":"error","message":"Error message {\"error\":\"Cannot read property 'handler' of undefined\"}","timestamp":"2016-07-21T07:25:03.511Z"}
{"level":"error","message":"Error message {\"error\":\"Cannot read property 'handler' of undefined\"}","timestamp":"2016-07-21T07:25:03.653Z"}
{"level":"error","message":"Error message {\"error\":\"Cannot read property 'handler' of undefined\"}","timestamp":"2016-07-21T07:25:03.657Z"}
{"level":"error","message":"Error message {\"error\":\"Cannot read property 'handler' of undefined\"}","timestamp":"2016-07-21T07:25:03.660Z"}
{"level":"error","message":"Error message {\"error\":\"Cannot read property 'handler' of undefined\"}","timestamp":"2016-07-21T07:25:03.664Z"}
{"level":"error","message":"Error message {\"error\":\"Cannot read property 'handler' of undefined\"}","timestamp":"2016-07-21T07:25:03.668Z"}
{"level":"error","message":"Error message {\"error\":\"Cannot read property 'handler' of undefined\"}","timestamp":"2016-07-21T07:25:03.670Z"}
{"level":"error","message":"Error message {\"error\":\"Cannot read property 'handler' of undefined\"}","timestamp":"2016-07-21T07:25:03.723Z"}
{"level":"error","message":"Error message {\"error\":\"Cannot read property 'handler' of undefined\"}","timestamp":"2016-07-21T07:25:03.726Z"}
{"level":"error","message":"Error message {\"error\":\"Cannot read property 'handler' of undefined\"}","timestamp":"2016-07-21T07:25:03.728Z"}
{"level":"error","message":"Error message {\"error\":\"Cannot read property 'handler' of undefined\"}","timestamp":"2016-07-21T07:25:09.417Z"}
{"level":"error","message":"Error message {\"error\":\"Cannot read property 'handler' of undefined\"}","timestamp":"2016-07-21T07:25:09.422Z"}
{"level":"error","message":"Error message {\"error\":\"Cannot read property 'handler' of undefined\"}","timestamp":"2016-07-21T07:25:09.432Z"}
{"level":"error","message":"Error message {\"error\":\"Cannot read property 'handler' of undefined\"}","timestamp":"2016-07-21T07:25:09.434Z"}
{"level":"error","message":"Error message {\"error\":\"Cannot read property 'handler' of undefined\"}","timestamp":"2016-07-21T07:25:09.490Z"}
{"level":"error","message":"Error message {\"error\":\"Cannot read property 'handler' of undefined\"}","timestamp":"2016-07-21T07:25:09.498Z"}
{"level":"error","message":"Error message {\"error\":\"Cannot read property 'handler' of undefined\"}","timestamp":"2016-07-21T07:25:09.506Z"}
{"level":"error","message":"Error message {\"error\":\"Cannot read property 'handler' of undefined\"}","timestamp":"2016-07-21T07:25:09.511Z"}
{"level":"error","message":"Error message {\"error\":\"Cannot read property 'handler' of undefined\"}","timestamp":"2016-07-21T07:25:09.514Z"}
{"level":"error","message":"Error message {\"error\":\"Cannot read property 'handler' of undefined\"}","timestamp":"2016-07-21T07:25:09.612Z"}
{"level":"error","message":"Error message {\"error\":\"Cannot read property 'handler' of undefined\"}","timestamp":"2016-07-21T07:25:09.617Z"}
{"level":"error","message":"Error message {\"error\":\"Cannot read property 'handler' of undefined\"}","timestamp":"2016-07-21T07:25:09.635Z"}
{"level":"error","message":"Error message {\"error\":\"Cannot read property 'handler' of undefined\"}","timestamp":"2016-07-21T07:25:09.640Z"}
{"level":"error","message":"Error message {\"error\":\"Cannot read property 'handler' of undefined\"}","timestamp":"2016-07-21T07:25:09.643Z"}
{"level":"error","message":"Error message {\"error\":\"Cannot read property 'handler' of undefined\"}","timestamp":"2016-07-21T07:25:09.646Z"}
{"level":"error","message":"Error message {\"error\":\"Cannot read property 'handler' of undefined\"}","timestamp":"2016-07-21T07:25:13.210Z"}
{"level":"error","message":"Error message {\"error\":\"Cannot read property 'handler' of undefined\"}","timestamp":"2016-07-21T07:25:13.216Z"}
{"level":"error","message":"Error message {\"error\":\"Cannot read property 'handler' of undefined\"}","timestamp":"2016-07-21T07:25:13.219Z"}
{"level":"error","message":"Error message {\"error\":\"Cannot read property 'handler' of undefined\"}","timestamp":"2016-07-21T07:25:13.230Z"}
{"level":"error","message":"Error message {\"error\":\"Cannot read property 'handler' of undefined\"}","timestamp":"2016-07-21T07:25:13.232Z"}
{"level":"error","message":"Error message {\"error\":\"Cannot read property 'handler' of undefined\"}","timestamp":"2016-07-21T07:25:13.234Z"}
{"level":"error","message":"Error message {\"error\":\"Cannot read property 'handler' of undefined\"}","timestamp":"2016-07-21T07:25:13.239Z"}
{"level":"error","message":"Error message {\"error\":\"Cannot read property 'handler' of undefined\"}","timestamp":"2016-07-21T07:25:13.257Z"}
{"level":"error","message":"Error message {\"error\":\"Cannot read property 'handler' of undefined\"}","timestamp":"2016-07-21T07:25:13.261Z"}
{"level":"error","message":"Error message {\"error\":\"Cannot read property 'handler' of undefined\"}","timestamp":"2016-07-21T07:25:13.263Z"}
{"level":"error","message":"Error message {\"error\":\"Cannot read property 'handler' of undefined\"}","timestamp":"2016-07-21T07:25:13.265Z"}
{"level":"error","message":"Error message {\"error\":\"Cannot read property 'handler' of undefined\"}","timestamp":"2016-07-21T07:25:13.267Z"}
{"level":"error","message":"Error message {\"error\":\"Cannot read property 'handler' of undefined\"}","timestamp":"2016-07-21T07:25:13.270Z"}
{"level":"error","message":"Error message {\"error\":\"Cannot read property 'handler' of undefined\"}","timestamp":"2016-07-21T07:25:21.235Z"}
{"level":"error","message":"Error message {\"error\":\"Cannot read property 'handler' of undefined\"}","timestamp":"2016-07-21T07:25:21.247Z"}
{"level":"error","message":"Error message {\"error\":\"Cannot read property 'handler' of undefined\"}","timestamp":"2016-07-21T07:25:21.251Z"}
{"level":"error","message":"Error message {\"error\":\"Cannot read property 'handler' of undefined\"}","timestamp":"2016-07-21T07:25:21.254Z"}
{"level":"error","message":"Error message {\"error\":\"Cannot read property 'handler' of undefined\"}","timestamp":"2016-07-21T07:25:21.257Z"}
{"level":"error","message":"Error message {\"error\":\"Cannot read property 'handler' of undefined\"}","timestamp":"2016-07-21T07:25:21.270Z"}
{"level":"error","message":"Error message {\"error\":\"Cannot read property 'handler' of undefined\"}","timestamp":"2016-07-21T07:25:21.278Z"}
{"level":"error","message":"Error message {\"error\":\"Cannot read property 'handler' of undefined\"}","timestamp":"2016-07-21T07:25:21.281Z"}
{"level":"error","message":"Error message {\"error\":\"Cannot read property 'handler' of undefined\"}","timestamp":"2016-07-21T07:25:21.283Z"}
{"level":"error","message":"Error message {\"error\":\"Cannot read property 'handler' of undefined\"}","timestamp":"2016-07-21T07:25:21.290Z"}
{"level":"error","message":"Error message {\"error\":\"Cannot read property 'handler' of undefined\"}","timestamp":"2016-07-21T07:25:21.293Z"}
{"level":"error","message":"Error message {\"error\":\"Cannot read property 'handler' of undefined\"}","timestamp":"2016-07-21T07:25:21.310Z"}
{"level":"error","message":"Error message {\"error\":\"Cannot read property 'handler' of undefined\"}","timestamp":"2016-07-21T07:25:21.315Z"}
{"level":"error","message":"Error message {\"error\":\"Cannot read property 'handler' of undefined\"}","timestamp":"2016-07-21T07:25:21.317Z"}
{"level":"error","message":"Error message {\"error\":\"Cannot read property 'handler' of undefined\"}","timestamp":"2016-07-21T07:25:21.320Z"}
{"level":"error","message":"Error message {\"error\":\"Cannot read property 'handler' of undefined\"}","timestamp":"2016-07-21T07:25:22.260Z"}
{"level":"error","message":"Error message {\"error\":\"Cannot read property 'handler' of undefined\"}","timestamp":"2016-07-21T07:25:22.262Z"}
{"level":"error","message":"Error message {\"error\":\"Cannot read property 'handler' of undefined\"}","timestamp":"2016-07-21T07:25:22.265Z"}
{"level":"error","message":"Error message {\"error\":\"Cannot read property 'handler' of undefined\"}","timestamp":"2016-07-21T07:25:22.280Z"}
{"level":"error","message":"Error message {\"error\":\"Cannot read property 'handler' of undefined\"}","timestamp":"2016-07-21T07:25:22.285Z"}
{"level":"error","message":"Error message {\"error\":\"Cannot read property 'handler' of undefined\"}","timestamp":"2016-07-21T07:25:22.293Z"}
{"level":"error","message":"Error message {\"error\":\"Cannot read property 'handler' of undefined\"}","timestamp":"2016-07-21T07:25:22.308Z"}
{"level":"error","message":"Error message {\"error\":\"Cannot read property 'handler' of undefined\"}","timestamp":"2016-07-21T07:25:22.312Z"}
{"level":"error","message":"Error message {\"error\":\"Cannot read property 'handler' of undefined\"}","timestamp":"2016-07-21T07:25:22.318Z"}
{"level":"error","message":"Error message {\"error\":\"Cannot read property 'handler' of undefined\"}","timestamp":"2016-07-21T07:25:22.320Z"}
{"level":"error","message":"Error message {\"error\":\"Cannot read property 'handler' of undefined\"}","timestamp":"2016-07-21T07:25:22.323Z"}
{"level":"error","message":"Error message {\"error\":\"Cannot read property 'handler' of undefined\"}","timestamp":"2016-07-21T07:25:22.342Z"}
{"level":"error","message":"Error message {\"error\":\"Cannot read property 'handler' of undefined\"}","timestamp":"2016-07-21T07:25:22.383Z"}
{"level":"error","message":"Error message {\"error\":\"Cannot read property 'handler' of undefined\"}","timestamp":"2016-07-21T07:25:22.385Z"}
{"level":"error","message":"Error message {\"error\":\"Cannot read property 'handler' of undefined\"}","timestamp":"2016-07-21T07:25:22.388Z"}
{"level":"error","message":"Error message {\"error\":\"failed to connect to [localhost:27017]\"}","timestamp":"2016-07-29T15:59:17.843Z"}
{"level":"error","message":"Error message {\"error\":\"failed to connect to [localhost:27017]\"}","timestamp":"2016-07-29T15:59:22.320Z"}
{"level":"error","message":"Error message {\"error\":\"failed to connect to [localhost:27017]\"}","timestamp":"2016-07-29T16:00:20.118Z"}
{"level":"error","message":"Error message {\"error\":\"failed to connect to [localhost:27017]\"}","timestamp":"2016-07-29T16:00:24.704Z"}
{"level":"error","message":"Error message {\"error\":\"failed to connect to [localhost:27017]\"}","timestamp":"2016-07-29T16:01:10.023Z"}
{"level":"error","message":"Error message {\"error\":\"failed to connect to [localhost:27017]\"}","timestamp":"2016-07-29T16:05:00.154Z"}
{"level":"error","message":"Error message {\"error\":\"failed to connect to [localhost:27017]\"}","timestamp":"2016-07-29T16:05:40.963Z"}
{"level":"error","message":"Error message {\"error\":\"failed to connect to [localhost:27017]\"}","timestamp":"2016-07-29T16:37:14.280Z"}
{"level":"error","message":"Error message {\"error\":\"failed to connect to [localhost:27017]\"}","timestamp":"2016-07-29T16:39:30.343Z"}
{"level":"error","message":"Error message {\"error\":\"failed to connect to [localhost:27017]\"}","timestamp":"2016-08-01T05:37:56.843Z"}
{"level":"error","message":"Error message {\"error\":\"Failed to lookup view \\\"index\\\" in views directory \\\"E:\\\\NodeJS\\\\PankajNode\\\\CustomMVC_Node\\\\build\\\\views\\\"\"}","timestamp":"2016-08-01T05:44:13.755Z"}
{"level":"error","message":"Error message {\"error\":\"Failed to lookup view \\\"index\\\" in views directory \\\"E:\\\\NodeJS\\\\PankajNode\\\\CustomMVC_Node\\\\build\\\\views\\\"\"}","timestamp":"2016-10-07T10:35:49.838Z"}
{"level":"error","message":"Error message {\"error\":\"Failed to lookup view \\\"index\\\" in views directory \\\"E:\\\\NodeJS\\\\PankajNode\\\\CustomMVC_Node\\\\build\\\\views\\\"\"}","timestamp":"2016-10-24T06:31:52.331Z"}
{"level":"error","message":"Error message {\"error\":\"Cannot read property 'handler' of undefined\"}","timestamp":"2016-11-09T11:49:18.427Z"}
{"level":"error","message":"Error message {\"error\":\"Cannot read property 'handler' of undefined\"}","timestamp":"2016-11-09T11:59:25.325Z"}
{"level":"error","message":"Error message {\"error\":\"Cannot read property 'handler' of undefined\"}","timestamp":"2016-11-10T07:25:22.856Z"}
{"level":"error","message":"Error message {\"error\":\"Cannot read property 'handler' of undefined\"}","timestamp":"2016-11-10T07:25:27.998Z"}
{"level":"error","message":"Error message {\"error\":\"localStorage is not defined\"}","timestamp":"2016-11-10T07:34:03.275Z"}
{"level":"error","message":"Error message {\"error\":\"Cannot read property 'handler' of undefined\"}","timestamp":"2016-11-10T09:14:37.261Z"}
{"level":"error","message":"Error message {\"error\":\"Cannot read property 'handler' of undefined\"}","timestamp":"2016-11-10T09:15:38.653Z"}
{"level":"error","message":"Error message {\"error\":\"invalid json\"}","timestamp":"2016-11-10T09:45:21.080Z"}
