{"level":"info","message":"::1 - - [Tue, 15 Nov 2016 09:24:39 GMT] \"GET /login HTTP/1.1\" 200 1026 \"-\" \"Mozilla/5.0 (Windows NT 6.1; WOW64; rv:49.0) Gecko/20100101 Firefox/49.0\"\n","timestamp":"2016-11-15T09:24:39.401Z"}
{"level":"info","message":"::1 - - [Tue, 15 Nov 2016 09:24:39 GMT] \"GET /favicon.ico HTTP/1.1\" 302 56 \"-\" \"Mozilla/5.0 (Windows NT 6.1; WOW64; rv:49.0) Gecko/20100101 Firefox/49.0\"\n","timestamp":"2016-11-15T09:24:39.672Z"}
{"level":"info","message":"::1 - - [Tue, 15 Nov 2016 09:24:39 GMT] \"GET /favicon.ico HTTP/1.1\" 302 28 \"-\" \"Mozilla/5.0 (Windows NT 6.1; WOW64; rv:49.0) Gecko/20100101 Firefox/49.0\"\n","timestamp":"2016-11-15T09:24:39.685Z"}
{"level":"info","message":"::1 - - [Tue, 15 Nov 2016 09:24:39 GMT] \"GET /login HTTP/1.1\" 304 - \"-\" \"Mozilla/5.0 (Windows NT 6.1; WOW64; rv:49.0) Gecko/20100101 Firefox/49.0\"\n","timestamp":"2016-11-15T09:24:39.692Z"}
{"level":"info","message":"::1 - - [Tue, 15 Nov 2016 09:24:49 GMT] \"POST /login HTTP/1.1\" 302 104 \"http://localhost:9000/login\" \"Mozilla/5.0 (Windows NT 6.1; WOW64; rv:49.0) Gecko/20100101 Firefox/49.0\"\n","timestamp":"2016-11-15T09:24:49.684Z"}
{"level":"info","message":"::1 - - [Tue, 15 Nov 2016 09:24:49 GMT] \"GET /employee?ui_action=getEmpList HTTP/1.1\" 200 1329 \"http://localhost:9000/login\" \"Mozilla/5.0 (Windows NT 6.1; WOW64; rv:49.0) Gecko/20100101 Firefox/49.0\"\n","timestamp":"2016-11-15T09:24:49.847Z"}
{"level":"info","message":"::1 - - [Tue, 15 Nov 2016 09:24:51 GMT] \"GET /confbooking HTTP/1.1\" 200 3325 \"http://localhost:9000/employee?ui_action=getEmpList\" \"Mozilla/5.0 (Windows NT 6.1; WOW64; rv:49.0) Gecko/20100101 Firefox/49.0\"\n","timestamp":"2016-11-15T09:24:51.131Z"}
{"level":"info","message":"::1 - - [Tue, 15 Nov 2016 09:24:51 GMT] \"GET /postconf?ui_action=getConfList HTTP/1.1\" 200 560 \"http://localhost:9000/confbooking\" \"Mozilla/5.0 (Windows NT 6.1; WOW64; rv:49.0) Gecko/20100101 Firefox/49.0\"\n","timestamp":"2016-11-15T09:24:51.784Z"}
{"level":"info","message":"::1 - - [Tue, 15 Nov 2016 09:24:54 GMT] \"POST /postconf?ui_action=saveConf HTTP/1.1\" 302 34 \"http://localhost:9000/confbooking\" \"Mozilla/5.0 (Windows NT 6.1; WOW64; rv:49.0) Gecko/20100101 Firefox/49.0\"\n","timestamp":"2016-11-15T09:24:54.965Z"}
{"level":"info","message":"::1 - - [Tue, 15 Nov 2016 09:24:54 GMT] \"GET /confbooking HTTP/1.1\" 200 3325 \"http://localhost:9000/confbooking\" \"Mozilla/5.0 (Windows NT 6.1; WOW64; rv:49.0) Gecko/20100101 Firefox/49.0\"\n","timestamp":"2016-11-15T09:24:54.984Z"}
{"level":"info","message":"::1 - - [Tue, 15 Nov 2016 09:24:56 GMT] \"GET /confbooking HTTP/1.1\" 200 3325 \"http://localhost:9000/employee?ui_action=getEmpList\" \"Mozilla/5.0 (Windows NT 6.1; WOW64; rv:49.0) Gecko/20100101 Firefox/49.0\"\n","timestamp":"2016-11-15T09:24:56.847Z"}
{"level":"info","message":"::1 - - [Tue, 15 Nov 2016 09:24:58 GMT] \"GET /postconf?ui_action=getConfList HTTP/1.1\" 200 749 \"http://localhost:9000/confbooking\" \"Mozilla/5.0 (Windows NT 6.1; WOW64; rv:49.0) Gecko/20100101 Firefox/49.0\"\n","timestamp":"2016-11-15T09:24:58.829Z"}
{"level":"info","message":"::1 - - [Thu, 24 Nov 2016 05:58:45 GMT] \"GET /login HTTP/1.1\" 200 1026 \"-\" \"Mozilla/5.0 (Windows NT 6.1; WOW64; rv:50.0) Gecko/20100101 Firefox/50.0\"\n","timestamp":"2016-11-24T05:58:45.621Z"}
{"level":"info","message":"::1 - - [Thu, 24 Nov 2016 05:58:45 GMT] \"GET /favicon.ico HTTP/1.1\" 302 28 \"-\" \"Mozilla/5.0 (Windows NT 6.1; WOW64; rv:50.0) Gecko/20100101 Firefox/50.0\"\n","timestamp":"2016-11-24T05:58:45.880Z"}
{"level":"info","message":"::1 - - [Thu, 24 Nov 2016 05:58:45 GMT] \"GET /favicon.ico HTTP/1.1\" 302 56 \"-\" \"Mozilla/5.0 (Windows NT 6.1; WOW64; rv:50.0) Gecko/20100101 Firefox/50.0\"\n","timestamp":"2016-11-24T05:58:45.955Z"}
{"level":"info","message":"::1 - - [Thu, 24 Nov 2016 05:58:46 GMT] \"GET /login HTTP/1.1\" 304 - \"-\" \"Mozilla/5.0 (Windows NT 6.1; WOW64; rv:50.0) Gecko/20100101 Firefox/50.0\"\n","timestamp":"2016-11-24T05:58:46.015Z"}
{"level":"info","message":"::1 - - [Thu, 24 Nov 2016 05:58:51 GMT] \"POST /login HTTP/1.1\" 302 104 \"http://localhost:9000/login\" \"Mozilla/5.0 (Windows NT 6.1; WOW64; rv:50.0) Gecko/20100101 Firefox/50.0\"\n","timestamp":"2016-11-24T05:58:51.023Z"}
{"level":"info","message":"::1 - - [Thu, 24 Nov 2016 05:58:51 GMT] \"GET /employee?ui_action=getEmpList HTTP/1.1\" 200 1329 \"http://localhost:9000/login\" \"Mozilla/5.0 (Windows NT 6.1; WOW64; rv:50.0) Gecko/20100101 Firefox/50.0\"\n","timestamp":"2016-11-24T05:58:51.247Z"}
{"level":"info","message":"::1 - - [Thu, 24 Nov 2016 05:58:53 GMT] \"GET /confbooking HTTP/1.1\" 200 3560 \"http://localhost:9000/employee?ui_action=getEmpList\" \"Mozilla/5.0 (Windows NT 6.1; WOW64; rv:50.0) Gecko/20100101 Firefox/50.0\"\n","timestamp":"2016-11-24T05:58:53.050Z"}
{"level":"info","message":"::1 - - [Thu, 24 Nov 2016 05:58:53 GMT] \"GET /postconf?ui_action=getConfList HTTP/1.1\" 200 749 \"http://localhost:9000/confbooking\" \"Mozilla/5.0 (Windows NT 6.1; WOW64; rv:50.0) Gecko/20100101 Firefox/50.0\"\n","timestamp":"2016-11-24T05:58:53.587Z"}
{"level":"info","message":"::1 - - [Thu, 24 Nov 2016 05:58:59 GMT] \"GET /employee?ui_action=getEmpList HTTP/1.1\" 304 - \"http://localhost:9000/confbooking\" \"Mozilla/5.0 (Windows NT 6.1; WOW64; rv:50.0) Gecko/20100101 Firefox/50.0\"\n","timestamp":"2016-11-24T05:58:59.713Z"}
{"level":"info","message":"::1 - - [Thu, 24 Nov 2016 05:59:04 GMT] \"GET /confbooking HTTP/1.1\" 304 - \"http://localhost:9000/employee?ui_action=getEmpList\" \"Mozilla/5.0 (Windows NT 6.1; WOW64; rv:50.0) Gecko/20100101 Firefox/50.0\"\n","timestamp":"2016-11-24T05:59:04.533Z"}
{"level":"info","message":"::1 - - [Thu, 24 Nov 2016 05:59:05 GMT] \"GET /postconf?ui_action=getConfList HTTP/1.1\" 304 - \"http://localhost:9000/confbooking\" \"Mozilla/5.0 (Windows NT 6.1; WOW64; rv:50.0) Gecko/20100101 Firefox/50.0\"\n","timestamp":"2016-11-24T05:59:05.411Z"}
{"level":"info","message":"::1 - - [Thu, 24 Nov 2016 06:01:19 GMT] \"GET /confbooking HTTP/1.1\" 302 56 \"http://localhost:9000/employee?ui_action=getEmpList\" \"Mozilla/5.0 (Windows NT 6.1; WOW64; rv:50.0) Gecko/20100101 Firefox/50.0\"\n","timestamp":"2016-11-24T06:01:19.438Z"}
{"level":"info","message":"::1 - - [Thu, 24 Nov 2016 06:01:19 GMT] \"GET /login HTTP/1.1\" 200 1026 \"http://localhost:9000/employee?ui_action=getEmpList\" \"Mozilla/5.0 (Windows NT 6.1; WOW64; rv:50.0) Gecko/20100101 Firefox/50.0\"\n","timestamp":"2016-11-24T06:01:19.529Z"}
{"level":"info","message":"::1 - - [Thu, 24 Nov 2016 06:01:25 GMT] \"POST /login HTTP/1.1\" 302 104 \"http://localhost:9000/login\" \"Mozilla/5.0 (Windows NT 6.1; WOW64; rv:50.0) Gecko/20100101 Firefox/50.0\"\n","timestamp":"2016-11-24T06:01:25.863Z"}
{"level":"info","message":"::1 - - [Thu, 24 Nov 2016 06:01:25 GMT] \"GET /employee?ui_action=getEmpList HTTP/1.1\" 200 1329 \"http://localhost:9000/login\" \"Mozilla/5.0 (Windows NT 6.1; WOW64; rv:50.0) Gecko/20100101 Firefox/50.0\"\n","timestamp":"2016-11-24T06:01:25.936Z"}
{"level":"info","message":"::1 - - [Thu, 24 Nov 2016 06:01:27 GMT] \"GET /confbooking HTTP/1.1\" 200 3597 \"http://localhost:9000/employee?ui_action=getEmpList\" \"Mozilla/5.0 (Windows NT 6.1; WOW64; rv:50.0) Gecko/20100101 Firefox/50.0\"\n","timestamp":"2016-11-24T06:01:27.922Z"}
{"level":"info","message":"::1 - - [Thu, 24 Nov 2016 06:01:29 GMT] \"GET /postconf?ui_action=getConfList HTTP/1.1\" 304 - \"http://localhost:9000/confbooking\" \"Mozilla/5.0 (Windows NT 6.1; WOW64; rv:50.0) Gecko/20100101 Firefox/50.0\"\n","timestamp":"2016-11-24T06:01:29.771Z"}
{"level":"info","message":"::1 - - [Thu, 24 Nov 2016 06:18:00 GMT] \"GET /confbooking HTTP/1.1\" 302 56 \"http://localhost:9000/employee?ui_action=getEmpList\" \"Mozilla/5.0 (Windows NT 6.1; WOW64; rv:50.0) Gecko/20100101 Firefox/50.0\"\n","timestamp":"2016-11-24T06:18:00.136Z"}
{"level":"info","message":"::1 - - [Thu, 24 Nov 2016 06:18:00 GMT] \"GET /login HTTP/1.1\" 200 1026 \"http://localhost:9000/employee?ui_action=getEmpList\" \"Mozilla/5.0 (Windows NT 6.1; WOW64; rv:50.0) Gecko/20100101 Firefox/50.0\"\n","timestamp":"2016-11-24T06:18:00.165Z"}
{"level":"info","message":"::1 - - [Thu, 24 Nov 2016 06:18:05 GMT] \"POST /login HTTP/1.1\" 302 104 \"http://localhost:9000/login\" \"Mozilla/5.0 (Windows NT 6.1; WOW64; rv:50.0) Gecko/20100101 Firefox/50.0\"\n","timestamp":"2016-11-24T06:18:05.854Z"}
{"level":"info","message":"::1 - - [Thu, 24 Nov 2016 06:18:05 GMT] \"GET /employee?ui_action=getEmpList HTTP/1.1\" 200 1329 \"http://localhost:9000/login\" \"Mozilla/5.0 (Windows NT 6.1; WOW64; rv:50.0) Gecko/20100101 Firefox/50.0\"\n","timestamp":"2016-11-24T06:18:05.894Z"}
{"level":"info","message":"::1 - - [Thu, 24 Nov 2016 06:18:09 GMT] \"GET /confbooking HTTP/1.1\" 200 3487 \"http://localhost:9000/employee?ui_action=getEmpList\" \"Mozilla/5.0 (Windows NT 6.1; WOW64; rv:50.0) Gecko/20100101 Firefox/50.0\"\n","timestamp":"2016-11-24T06:18:09.217Z"}
{"level":"info","message":"::1 - - [Thu, 24 Nov 2016 06:18:09 GMT] \"GET /postconf?ui_action=getConfList HTTP/1.1\" 304 - \"http://localhost:9000/confbooking\" \"Mozilla/5.0 (Windows NT 6.1; WOW64; rv:50.0) Gecko/20100101 Firefox/50.0\"\n","timestamp":"2016-11-24T06:18:09.627Z"}
{"level":"info","message":"::1 - - [Thu, 24 Nov 2016 06:18:15 GMT] \"GET /confbooking HTTP/1.1\" 200 3487 \"http://localhost:9000/employee?ui_action=getEmpList\" \"Mozilla/5.0 (Windows NT 6.1; WOW64; rv:50.0) Gecko/20100101 Firefox/50.0\"\n","timestamp":"2016-11-24T06:18:15.079Z"}
{"level":"info","message":"::1 - - [Thu, 24 Nov 2016 06:18:19 GMT] \"GET /postconf?ui_action=getConfList HTTP/1.1\" 200 749 \"http://localhost:9000/confbooking\" \"Mozilla/5.0 (Windows NT 6.1; WOW64; rv:50.0) Gecko/20100101 Firefox/50.0\"\n","timestamp":"2016-11-24T06:18:19.235Z"}
{"level":"info","message":"::1 - - [Thu, 24 Nov 2016 06:21:48 GMT] \"GET /confbooking HTTP/1.1\" 302 56 \"http://localhost:9000/employee?ui_action=getEmpList\" \"Mozilla/5.0 (Windows NT 6.1; WOW64; rv:50.0) Gecko/20100101 Firefox/50.0\"\n","timestamp":"2016-11-24T06:21:48.910Z"}
{"level":"info","message":"::1 - - [Thu, 24 Nov 2016 06:21:48 GMT] \"GET /login HTTP/1.1\" 200 1026 \"http://localhost:9000/employee?ui_action=getEmpList\" \"Mozilla/5.0 (Windows NT 6.1; WOW64; rv:50.0) Gecko/20100101 Firefox/50.0\"\n","timestamp":"2016-11-24T06:21:48.961Z"}
{"level":"info","message":"::1 - - [Thu, 24 Nov 2016 06:21:53 GMT] \"POST /login HTTP/1.1\" 302 104 \"http://localhost:9000/login\" \"Mozilla/5.0 (Windows NT 6.1; WOW64; rv:50.0) Gecko/20100101 Firefox/50.0\"\n","timestamp":"2016-11-24T06:21:53.903Z"}
{"level":"info","message":"::1 - - [Thu, 24 Nov 2016 06:21:54 GMT] \"GET /employee?ui_action=getEmpList HTTP/1.1\" 200 1329 \"http://localhost:9000/login\" \"Mozilla/5.0 (Windows NT 6.1; WOW64; rv:50.0) Gecko/20100101 Firefox/50.0\"\n","timestamp":"2016-11-24T06:21:54.007Z"}
{"level":"info","message":"::1 - - [Thu, 24 Nov 2016 06:21:55 GMT] \"GET /confbooking HTTP/1.1\" 200 3566 \"http://localhost:9000/employee?ui_action=getEmpList\" \"Mozilla/5.0 (Windows NT 6.1; WOW64; rv:50.0) Gecko/20100101 Firefox/50.0\"\n","timestamp":"2016-11-24T06:21:55.672Z"}
{"level":"info","message":"::1 - - [Thu, 24 Nov 2016 06:21:56 GMT] \"GET /postconf?ui_action=getConfList HTTP/1.1\" 304 - \"http://localhost:9000/confbooking\" \"Mozilla/5.0 (Windows NT 6.1; WOW64; rv:50.0) Gecko/20100101 Firefox/50.0\"\n","timestamp":"2016-11-24T06:21:56.503Z"}
{"level":"info","message":"::1 - - [Thu, 24 Nov 2016 06:22:01 GMT] \"POST /postconf?ui_action=saveConf HTTP/1.1\" 302 34 \"http://localhost:9000/confbooking\" \"Mozilla/5.0 (Windows NT 6.1; WOW64; rv:50.0) Gecko/20100101 Firefox/50.0\"\n","timestamp":"2016-11-24T06:22:01.234Z"}
{"level":"info","message":"::1 - - [Thu, 24 Nov 2016 06:22:01 GMT] \"GET /confbooking HTTP/1.1\" 200 3566 \"http://localhost:9000/confbooking\" \"Mozilla/5.0 (Windows NT 6.1; WOW64; rv:50.0) Gecko/20100101 Firefox/50.0\"\n","timestamp":"2016-11-24T06:22:01.294Z"}
{"level":"info","message":"::1 - - [Thu, 24 Nov 2016 06:22:43 GMT] \"GET /confbooking HTTP/1.1\" 302 56 \"http://localhost:9000/employee?ui_action=getEmpList\" \"Mozilla/5.0 (Windows NT 6.1; WOW64; rv:50.0) Gecko/20100101 Firefox/50.0\"\n","timestamp":"2016-11-24T06:22:43.364Z"}
{"level":"info","message":"::1 - - [Thu, 24 Nov 2016 06:22:43 GMT] \"GET /login HTTP/1.1\" 200 1026 \"http://localhost:9000/employee?ui_action=getEmpList\" \"Mozilla/5.0 (Windows NT 6.1; WOW64; rv:50.0) Gecko/20100101 Firefox/50.0\"\n","timestamp":"2016-11-24T06:22:43.457Z"}
{"level":"info","message":"::1 - - [Thu, 24 Nov 2016 06:22:48 GMT] \"POST /login HTTP/1.1\" 302 104 \"http://localhost:9000/login\" \"Mozilla/5.0 (Windows NT 6.1; WOW64; rv:50.0) Gecko/20100101 Firefox/50.0\"\n","timestamp":"2016-11-24T06:22:48.192Z"}
{"level":"info","message":"::1 - - [Thu, 24 Nov 2016 06:22:48 GMT] \"GET /employee?ui_action=getEmpList HTTP/1.1\" 200 1329 \"http://localhost:9000/login\" \"Mozilla/5.0 (Windows NT 6.1; WOW64; rv:50.0) Gecko/20100101 Firefox/50.0\"\n","timestamp":"2016-11-24T06:22:48.245Z"}
{"level":"info","message":"::1 - - [Thu, 24 Nov 2016 06:22:49 GMT] \"GET /confbooking HTTP/1.1\" 200 3684 \"http://localhost:9000/employee?ui_action=getEmpList\" \"Mozilla/5.0 (Windows NT 6.1; WOW64; rv:50.0) Gecko/20100101 Firefox/50.0\"\n","timestamp":"2016-11-24T06:22:49.863Z"}
{"level":"info","message":"::1 - - [Thu, 24 Nov 2016 06:22:50 GMT] \"GET /postconf?ui_action=getConfList HTTP/1.1\" 200 940 \"http://localhost:9000/confbooking\" \"Mozilla/5.0 (Windows NT 6.1; WOW64; rv:50.0) Gecko/20100101 Firefox/50.0\"\n","timestamp":"2016-11-24T06:22:50.710Z"}
{"level":"info","message":"::1 - - [Thu, 24 Nov 2016 06:22:54 GMT] \"POST /postconf?ui_action=saveConf HTTP/1.1\" 302 34 \"http://localhost:9000/confbooking\" \"Mozilla/5.0 (Windows NT 6.1; WOW64; rv:50.0) Gecko/20100101 Firefox/50.0\"\n","timestamp":"2016-11-24T06:22:54.623Z"}
{"level":"info","message":"::1 - - [Thu, 24 Nov 2016 06:22:54 GMT] \"GET /confbooking HTTP/1.1\" 200 3684 \"http://localhost:9000/confbooking\" \"Mozilla/5.0 (Windows NT 6.1; WOW64; rv:50.0) Gecko/20100101 Firefox/50.0\"\n","timestamp":"2016-11-24T06:22:54.642Z"}
{"level":"info","message":"::1 - - [Thu, 24 Nov 2016 06:22:54 GMT] \"GET /postconf?ui_action=getConfList HTTP/1.1\" 200 1125 \"http://localhost:9000/confbooking\" \"Mozilla/5.0 (Windows NT 6.1; WOW64; rv:50.0) Gecko/20100101 Firefox/50.0\"\n","timestamp":"2016-11-24T06:22:54.670Z"}
{"level":"info","message":"::1 - - [Thu, 24 Nov 2016 06:23:00 GMT] \"POST /postconf?ui_action=saveConf HTTP/1.1\" 302 34 \"http://localhost:9000/confbooking\" \"Mozilla/5.0 (Windows NT 6.1; WOW64; rv:50.0) Gecko/20100101 Firefox/50.0\"\n","timestamp":"2016-11-24T06:23:00.190Z"}
{"level":"info","message":"::1 - - [Thu, 24 Nov 2016 06:23:00 GMT] \"GET /confbooking HTTP/1.1\" 200 3684 \"http://localhost:9000/confbooking\" \"Mozilla/5.0 (Windows NT 6.1; WOW64; rv:50.0) Gecko/20100101 Firefox/50.0\"\n","timestamp":"2016-11-24T06:23:00.204Z"}
{"level":"info","message":"::1 - - [Thu, 24 Nov 2016 06:23:00 GMT] \"GET /postconf?ui_action=getConfList HTTP/1.1\" 200 1314 \"http://localhost:9000/confbooking\" \"Mozilla/5.0 (Windows NT 6.1; WOW64; rv:50.0) Gecko/20100101 Firefox/50.0\"\n","timestamp":"2016-11-24T06:23:00.253Z"}
{"level":"info","message":"::1 - - [Thu, 24 Nov 2016 06:23:03 GMT] \"POST /postconf?ui_action=saveConf HTTP/1.1\" 302 34 \"http://localhost:9000/confbooking\" \"Mozilla/5.0 (Windows NT 6.1; WOW64; rv:50.0) Gecko/20100101 Firefox/50.0\"\n","timestamp":"2016-11-24T06:23:03.594Z"}
{"level":"info","message":"::1 - - [Thu, 24 Nov 2016 06:23:03 GMT] \"GET /confbooking HTTP/1.1\" 200 3684 \"http://localhost:9000/confbooking\" \"Mozilla/5.0 (Windows NT 6.1; WOW64; rv:50.0) Gecko/20100101 Firefox/50.0\"\n","timestamp":"2016-11-24T06:23:03.606Z"}
{"level":"info","message":"::1 - - [Thu, 24 Nov 2016 06:23:03 GMT] \"GET /postconf?ui_action=getConfList HTTP/1.1\" 200 1505 \"http://localhost:9000/confbooking\" \"Mozilla/5.0 (Windows NT 6.1; WOW64; rv:50.0) Gecko/20100101 Firefox/50.0\"\n","timestamp":"2016-11-24T06:23:03.635Z"}
{"level":"info","message":"::1 - - [Thu, 24 Nov 2016 06:23:06 GMT] \"POST /postconf?ui_action=saveConf HTTP/1.1\" 302 34 \"http://localhost:9000/confbooking\" \"Mozilla/5.0 (Windows NT 6.1; WOW64; rv:50.0) Gecko/20100101 Firefox/50.0\"\n","timestamp":"2016-11-24T06:23:06.431Z"}
{"level":"info","message":"::1 - - [Thu, 24 Nov 2016 06:23:06 GMT] \"GET /confbooking HTTP/1.1\" 200 3684 \"http://localhost:9000/confbooking\" \"Mozilla/5.0 (Windows NT 6.1; WOW64; rv:50.0) Gecko/20100101 Firefox/50.0\"\n","timestamp":"2016-11-24T06:23:06.447Z"}
{"level":"info","message":"::1 - - [Thu, 24 Nov 2016 06:23:06 GMT] \"GET /postconf?ui_action=getConfList HTTP/1.1\" 200 1696 \"http://localhost:9000/confbooking\" \"Mozilla/5.0 (Windows NT 6.1; WOW64; rv:50.0) Gecko/20100101 Firefox/50.0\"\n","timestamp":"2016-11-24T06:23:06.486Z"}
{"level":"info","message":"::1 - - [Thu, 24 Nov 2016 06:23:06 GMT] \"POST /postconf?ui_action=saveConf HTTP/1.1\" 302 34 \"http://localhost:9000/confbooking\" \"Mozilla/5.0 (Windows NT 6.1; WOW64; rv:50.0) Gecko/20100101 Firefox/50.0\"\n","timestamp":"2016-11-24T06:23:06.977Z"}
{"level":"info","message":"::1 - - [Thu, 24 Nov 2016 06:23:06 GMT] \"GET /confbooking HTTP/1.1\" 200 3684 \"http://localhost:9000/confbooking\" \"Mozilla/5.0 (Windows NT 6.1; WOW64; rv:50.0) Gecko/20100101 Firefox/50.0\"\n","timestamp":"2016-11-24T06:23:06.991Z"}
{"level":"info","message":"::1 - - [Thu, 24 Nov 2016 06:23:07 GMT] \"GET /postconf?ui_action=getConfList HTTP/1.1\" 200 1887 \"http://localhost:9000/confbooking\" \"Mozilla/5.0 (Windows NT 6.1; WOW64; rv:50.0) Gecko/20100101 Firefox/50.0\"\n","timestamp":"2016-11-24T06:23:07.022Z"}
{"level":"info","message":"::1 - - [Thu, 24 Nov 2016 06:23:07 GMT] \"POST /postconf?ui_action=saveConf HTTP/1.1\" 302 34 \"http://localhost:9000/confbooking\" \"Mozilla/5.0 (Windows NT 6.1; WOW64; rv:50.0) Gecko/20100101 Firefox/50.0\"\n","timestamp":"2016-11-24T06:23:07.226Z"}
{"level":"info","message":"::1 - - [Thu, 24 Nov 2016 06:23:07 GMT] \"GET /confbooking HTTP/1.1\" 200 3684 \"http://localhost:9000/confbooking\" \"Mozilla/5.0 (Windows NT 6.1; WOW64; rv:50.0) Gecko/20100101 Firefox/50.0\"\n","timestamp":"2016-11-24T06:23:07.237Z"}
{"level":"info","message":"::1 - - [Thu, 24 Nov 2016 06:23:07 GMT] \"GET /postconf?ui_action=getConfList HTTP/1.1\" 200 2078 \"http://localhost:9000/confbooking\" \"Mozilla/5.0 (Windows NT 6.1; WOW64; rv:50.0) Gecko/20100101 Firefox/50.0\"\n","timestamp":"2016-11-24T06:23:07.260Z"}
{"level":"info","message":"::1 - - [Thu, 24 Nov 2016 06:23:07 GMT] \"POST /postconf?ui_action=saveConf HTTP/1.1\" 302 34 \"http://localhost:9000/confbooking\" \"Mozilla/5.0 (Windows NT 6.1; WOW64; rv:50.0) Gecko/20100101 Firefox/50.0\"\n","timestamp":"2016-11-24T06:23:07.434Z"}
{"level":"info","message":"::1 - - [Thu, 24 Nov 2016 06:23:07 GMT] \"GET /confbooking HTTP/1.1\" 200 3684 \"http://localhost:9000/confbooking\" \"Mozilla/5.0 (Windows NT 6.1; WOW64; rv:50.0) Gecko/20100101 Firefox/50.0\"\n","timestamp":"2016-11-24T06:23:07.450Z"}
{"level":"info","message":"::1 - - [Thu, 24 Nov 2016 06:23:07 GMT] \"GET /postconf?ui_action=getConfList HTTP/1.1\" 200 2269 \"http://localhost:9000/confbooking\" \"Mozilla/5.0 (Windows NT 6.1; WOW64; rv:50.0) Gecko/20100101 Firefox/50.0\"\n","timestamp":"2016-11-24T06:23:07.480Z"}
{"level":"info","message":"::1 - - [Thu, 24 Nov 2016 06:23:07 GMT] \"POST /postconf?ui_action=saveConf HTTP/1.1\" 302 34 \"http://localhost:9000/confbooking\" \"Mozilla/5.0 (Windows NT 6.1; WOW64; rv:50.0) Gecko/20100101 Firefox/50.0\"\n","timestamp":"2016-11-24T06:23:07.622Z"}
{"level":"info","message":"::1 - - [Thu, 24 Nov 2016 06:23:07 GMT] \"GET /confbooking HTTP/1.1\" 200 3684 \"http://localhost:9000/confbooking\" \"Mozilla/5.0 (Windows NT 6.1; WOW64; rv:50.0) Gecko/20100101 Firefox/50.0\"\n","timestamp":"2016-11-24T06:23:07.632Z"}
{"level":"info","message":"::1 - - [Thu, 24 Nov 2016 06:23:07 GMT] \"GET /postconf?ui_action=getConfList HTTP/1.1\" 200 2460 \"http://localhost:9000/confbooking\" \"Mozilla/5.0 (Windows NT 6.1; WOW64; rv:50.0) Gecko/20100101 Firefox/50.0\"\n","timestamp":"2016-11-24T06:23:07.653Z"}
{"level":"info","message":"::1 - - [Thu, 24 Nov 2016 06:23:07 GMT] \"POST /postconf?ui_action=saveConf HTTP/1.1\" 302 34 \"http://localhost:9000/confbooking\" \"Mozilla/5.0 (Windows NT 6.1; WOW64; rv:50.0) Gecko/20100101 Firefox/50.0\"\n","timestamp":"2016-11-24T06:23:07.791Z"}
{"level":"info","message":"::1 - - [Thu, 24 Nov 2016 06:23:07 GMT] \"GET /confbooking HTTP/1.1\" 200 3684 \"http://localhost:9000/confbooking\" \"Mozilla/5.0 (Windows NT 6.1; WOW64; rv:50.0) Gecko/20100101 Firefox/50.0\"\n","timestamp":"2016-11-24T06:23:07.803Z"}
{"level":"info","message":"::1 - - [Thu, 24 Nov 2016 06:23:07 GMT] \"GET /postconf?ui_action=getConfList HTTP/1.1\" 200 2651 \"http://localhost:9000/confbooking\" \"Mozilla/5.0 (Windows NT 6.1; WOW64; rv:50.0) Gecko/20100101 Firefox/50.0\"\n","timestamp":"2016-11-24T06:23:07.842Z"}
{"level":"info","message":"::1 - - [Thu, 24 Nov 2016 06:23:07 GMT] \"POST /postconf?ui_action=saveConf HTTP/1.1\" 302 34 \"http://localhost:9000/confbooking\" \"Mozilla/5.0 (Windows NT 6.1; WOW64; rv:50.0) Gecko/20100101 Firefox/50.0\"\n","timestamp":"2016-11-24T06:23:07.973Z"}
{"level":"info","message":"::1 - - [Thu, 24 Nov 2016 06:23:07 GMT] \"GET /confbooking HTTP/1.1\" 200 3684 \"http://localhost:9000/confbooking\" \"Mozilla/5.0 (Windows NT 6.1; WOW64; rv:50.0) Gecko/20100101 Firefox/50.0\"\n","timestamp":"2016-11-24T06:23:07.986Z"}
{"level":"info","message":"::1 - - [Thu, 24 Nov 2016 06:23:08 GMT] \"GET /postconf?ui_action=getConfList HTTP/1.1\" 200 2842 \"http://localhost:9000/confbooking\" \"Mozilla/5.0 (Windows NT 6.1; WOW64; rv:50.0) Gecko/20100101 Firefox/50.0\"\n","timestamp":"2016-11-24T06:23:08.017Z"}
{"level":"info","message":"::1 - - [Thu, 24 Nov 2016 06:52:24 GMT] \"GET /confbooking HTTP/1.1\" 200 3661 \"http://localhost:9000/employee?ui_action=getEmpList\" \"Mozilla/5.0 (Windows NT 6.1; WOW64; rv:50.0) Gecko/20100101 Firefox/50.0\"\n","timestamp":"2016-11-24T06:52:24.926Z"}
{"level":"info","message":"::1 - - [Thu, 24 Nov 2016 06:52:31 GMT] \"GET /postconf?ui_action=getConfList HTTP/1.1\" 200 2 \"http://localhost:9000/confbooking\" \"Mozilla/5.0 (Windows NT 6.1; WOW64; rv:50.0) Gecko/20100101 Firefox/50.0\"\n","timestamp":"2016-11-24T06:52:31.838Z"}
{"level":"info","message":"::1 - - [Thu, 24 Nov 2016 06:52:38 GMT] \"POST /postconf?ui_action=saveConf HTTP/1.1\" 302 34 \"http://localhost:9000/confbooking\" \"Mozilla/5.0 (Windows NT 6.1; WOW64; rv:50.0) Gecko/20100101 Firefox/50.0\"\n","timestamp":"2016-11-24T06:52:38.664Z"}
{"level":"info","message":"::1 - - [Thu, 24 Nov 2016 06:52:38 GMT] \"GET /confbooking HTTP/1.1\" 200 3661 \"http://localhost:9000/confbooking\" \"Mozilla/5.0 (Windows NT 6.1; WOW64; rv:50.0) Gecko/20100101 Firefox/50.0\"\n","timestamp":"2016-11-24T06:52:38.704Z"}
{"level":"info","message":"::1 - - [Thu, 24 Nov 2016 06:52:38 GMT] \"GET /postconf?ui_action=getConfList HTTP/1.1\" 200 186 \"http://localhost:9000/confbooking\" \"Mozilla/5.0 (Windows NT 6.1; WOW64; rv:50.0) Gecko/20100101 Firefox/50.0\"\n","timestamp":"2016-11-24T06:52:38.737Z"}
{"level":"info","message":"::1 - - [Thu, 24 Nov 2016 06:52:45 GMT] \"POST /postconf?ui_action=saveConf HTTP/1.1\" 302 34 \"http://localhost:9000/confbooking\" \"Mozilla/5.0 (Windows NT 6.1; WOW64; rv:50.0) Gecko/20100101 Firefox/50.0\"\n","timestamp":"2016-11-24T06:52:45.163Z"}
{"level":"info","message":"::1 - - [Thu, 24 Nov 2016 06:52:45 GMT] \"GET /confbooking HTTP/1.1\" 200 3661 \"http://localhost:9000/confbooking\" \"Mozilla/5.0 (Windows NT 6.1; WOW64; rv:50.0) Gecko/20100101 Firefox/50.0\"\n","timestamp":"2016-11-24T06:52:45.184Z"}
{"level":"info","message":"::1 - - [Thu, 24 Nov 2016 06:52:45 GMT] \"GET /postconf?ui_action=getConfList HTTP/1.1\" 200 371 \"http://localhost:9000/confbooking\" \"Mozilla/5.0 (Windows NT 6.1; WOW64; rv:50.0) Gecko/20100101 Firefox/50.0\"\n","timestamp":"2016-11-24T06:52:45.253Z"}
{"level":"info","message":"::1 - - [Thu, 24 Nov 2016 06:52:53 GMT] \"GET /confbooking HTTP/1.1\" 200 3661 \"http://localhost:9000/employee?ui_action=getEmpList\" \"Mozilla/5.0 (Windows NT 6.1; WOW64; rv:50.0) Gecko/20100101 Firefox/50.0\"\n","timestamp":"2016-11-24T06:52:53.521Z"}
{"level":"info","message":"::1 - - [Thu, 24 Nov 2016 06:52:57 GMT] \"GET /postconf?ui_action=getConfList HTTP/1.1\" 200 2 \"http://localhost:9000/confbooking\" \"Mozilla/5.0 (Windows NT 6.1; WOW64; rv:50.0) Gecko/20100101 Firefox/50.0\"\n","timestamp":"2016-11-24T06:52:57.534Z"}
{"level":"info","message":"::1 - - [Thu, 24 Nov 2016 06:53:04 GMT] \"POST /postconf?ui_action=saveConf HTTP/1.1\" 302 34 \"http://localhost:9000/confbooking\" \"Mozilla/5.0 (Windows NT 6.1; WOW64; rv:50.0) Gecko/20100101 Firefox/50.0\"\n","timestamp":"2016-11-24T06:53:04.020Z"}
{"level":"info","message":"::1 - - [Thu, 24 Nov 2016 06:53:04 GMT] \"GET /confbooking HTTP/1.1\" 200 3661 \"http://localhost:9000/confbooking\" \"Mozilla/5.0 (Windows NT 6.1; WOW64; rv:50.0) Gecko/20100101 Firefox/50.0\"\n","timestamp":"2016-11-24T06:53:04.043Z"}
{"level":"info","message":"::1 - - [Thu, 24 Nov 2016 06:53:04 GMT] \"GET /postconf?ui_action=getConfList HTTP/1.1\" 200 186 \"http://localhost:9000/confbooking\" \"Mozilla/5.0 (Windows NT 6.1; WOW64; rv:50.0) Gecko/20100101 Firefox/50.0\"\n","timestamp":"2016-11-24T06:53:04.078Z"}
{"level":"info","message":"::1 - - [Thu, 24 Nov 2016 09:28:51 GMT] \"GET /confbooking HTTP/1.1\" 302 56 \"http://localhost:9000/employee?ui_action=getEmpList\" \"Mozilla/5.0 (Windows NT 6.1; WOW64; rv:50.0) Gecko/20100101 Firefox/50.0\"\n","timestamp":"2016-11-24T09:28:51.563Z"}
{"level":"info","message":"::1 - - [Thu, 24 Nov 2016 09:28:51 GMT] \"GET /login HTTP/1.1\" 200 1026 \"http://localhost:9000/employee?ui_action=getEmpList\" \"Mozilla/5.0 (Windows NT 6.1; WOW64; rv:50.0) Gecko/20100101 Firefox/50.0\"\n","timestamp":"2016-11-24T09:28:51.628Z"}
{"level":"info","message":"::1 - - [Thu, 24 Nov 2016 09:28:54 GMT] \"GET /auth/facebook HTTP/1.1\" 302 0 \"http://localhost:9000/login\" \"Mozilla/5.0 (Windows NT 6.1; WOW64; rv:50.0) Gecko/20100101 Firefox/50.0\"\n","timestamp":"2016-11-24T09:28:54.761Z"}
{"level":"info","message":"::1 - - [Thu, 24 Nov 2016 09:32:33 GMT] \"GET /login HTTP/1.1\" 304 - \"-\" \"Mozilla/5.0 (Windows NT 6.1; WOW64; rv:50.0) Gecko/20100101 Firefox/50.0\"\n","timestamp":"2016-11-24T09:32:33.516Z"}
{"level":"info","message":"::1 - - [Thu, 24 Nov 2016 09:32:35 GMT] \"GET /auth/facebook HTTP/1.1\" 302 0 \"http://localhost:9000/login\" \"Mozilla/5.0 (Windows NT 6.1; WOW64; rv:50.0) Gecko/20100101 Firefox/50.0\"\n","timestamp":"2016-11-24T09:32:35.502Z"}
{"level":"info","message":"::1 - - [Thu, 24 Nov 2016 09:35:34 GMT] \"GET /login HTTP/1.1\" 304 - \"-\" \"Mozilla/5.0 (Windows NT 6.1; WOW64; rv:50.0) Gecko/20100101 Firefox/50.0\"\n","timestamp":"2016-11-24T09:35:34.474Z"}
{"level":"info","message":"::1 - - [Thu, 24 Nov 2016 09:35:36 GMT] \"GET /auth/facebook HTTP/1.1\" 302 0 \"http://localhost:9000/login\" \"Mozilla/5.0 (Windows NT 6.1; WOW64; rv:50.0) Gecko/20100101 Firefox/50.0\"\n","timestamp":"2016-11-24T09:35:36.498Z"}
{"level":"info","message":"::1 - - [Thu, 24 Nov 2016 09:38:18 GMT] \"GET /login HTTP/1.1\" 304 - \"-\" \"Mozilla/5.0 (Windows NT 6.1; WOW64; rv:50.0) Gecko/20100101 Firefox/50.0\"\n","timestamp":"2016-11-24T09:38:18.440Z"}
{"level":"info","message":"::1 - - [Thu, 24 Nov 2016 09:38:20 GMT] \"GET /auth/facebook HTTP/1.1\" 302 0 \"http://localhost:9000/login\" \"Mozilla/5.0 (Windows NT 6.1; WOW64; rv:50.0) Gecko/20100101 Firefox/50.0\"\n","timestamp":"2016-11-24T09:38:20.155Z"}
{"level":"info","message":"::1 - - [Thu, 24 Nov 2016 11:08:02 GMT] \"GET /login HTTP/1.1\" 304 - \"-\" \"Mozilla/5.0 (Windows NT 6.1; WOW64; rv:50.0) Gecko/20100101 Firefox/50.0\"\n","timestamp":"2016-11-24T11:08:02.665Z"}
{"level":"info","message":"::1 - - [Thu, 24 Nov 2016 11:08:06 GMT] \"GET /auth/facebook HTTP/1.1\" 302 0 \"http://localhost:9000/login\" \"Mozilla/5.0 (Windows NT 6.1; WOW64; rv:50.0) Gecko/20100101 Firefox/50.0\"\n","timestamp":"2016-11-24T11:08:06.978Z"}
{"level":"info","message":"::1 - - [Thu, 24 Nov 2016 11:10:34 GMT] \"GET /login HTTP/1.1\" 304 - \"-\" \"Mozilla/5.0 (Windows NT 6.1; WOW64; rv:50.0) Gecko/20100101 Firefox/50.0\"\n","timestamp":"2016-11-24T11:10:34.521Z"}
{"level":"info","message":"::1 - - [Thu, 24 Nov 2016 11:10:36 GMT] \"GET /auth/facebook HTTP/1.1\" 302 0 \"http://localhost:9000/login\" \"Mozilla/5.0 (Windows NT 6.1; WOW64; rv:50.0) Gecko/20100101 Firefox/50.0\"\n","timestamp":"2016-11-24T11:10:36.571Z"}
{"level":"info","message":"::1 - - [Thu, 24 Nov 2016 11:11:14 GMT] \"GET /login HTTP/1.1\" 304 - \"-\" \"Mozilla/5.0 (Windows NT 6.1; WOW64; rv:50.0) Gecko/20100101 Firefox/50.0\"\n","timestamp":"2016-11-24T11:11:14.057Z"}
{"level":"info","message":"::1 - - [Thu, 24 Nov 2016 11:11:15 GMT] \"GET /auth/facebook HTTP/1.1\" 302 0 \"http://localhost:9000/login\" \"Mozilla/5.0 (Windows NT 6.1; WOW64; rv:50.0) Gecko/20100101 Firefox/50.0\"\n","timestamp":"2016-11-24T11:11:15.954Z"}
{"level":"info","message":"::1 - - [Thu, 24 Nov 2016 11:15:58 GMT] \"GET /login HTTP/1.1\" 304 - \"-\" \"Mozilla/5.0 (Windows NT 6.1; WOW64; rv:50.0) Gecko/20100101 Firefox/50.0\"\n","timestamp":"2016-11-24T11:15:58.409Z"}
{"level":"info","message":"::1 - - [Thu, 24 Nov 2016 11:16:00 GMT] \"GET /auth/facebook HTTP/1.1\" 302 0 \"http://localhost:9000/login\" \"Mozilla/5.0 (Windows NT 6.1; WOW64; rv:50.0) Gecko/20100101 Firefox/50.0\"\n","timestamp":"2016-11-24T11:16:00.144Z"}
{"level":"info","message":"::1 - - [Thu, 24 Nov 2016 11:16:23 GMT] \"GET /login HTTP/1.1\" 304 - \"-\" \"Mozilla/5.0 (Windows NT 6.1; WOW64; rv:50.0) Gecko/20100101 Firefox/50.0\"\n","timestamp":"2016-11-24T11:16:23.540Z"}
{"level":"info","message":"::1 - - [Thu, 24 Nov 2016 11:16:25 GMT] \"GET /auth/facebook HTTP/1.1\" 302 0 \"http://localhost:9000/login\" \"Mozilla/5.0 (Windows NT 6.1; WOW64; rv:50.0) Gecko/20100101 Firefox/50.0\"\n","timestamp":"2016-11-24T11:16:25.207Z"}
{"level":"info","message":"::1 - - [Thu, 24 Nov 2016 11:16:28 GMT] \"GET /auth/facebook/callback?code=AQAzsojv3XQy0h3IN3Cm8zqo3y4F3QlXoz2-KzS5hFnZ3Np57ygyKc4YSpIuNdp61appdCtgt6LCipnNDTiAYbYM8yvLiCojPxirrNAzsWUmnCOBWArre_d9nK-XA0FsshdA0Z3tJj1A89SiUp3ikRjIuks_sbik18osfXOnjf18hLVGGmlC6LZimik6dYaEqS8VS6VUJ9pixmAbmM9G4PJnHwcdiKYiQkbmQYOXWuFLrVB1s0fmq4NpqTOD5TTEUYdXfEbJKAc3nvYzaESXnDfVMdLLcfZFmF6gYhOfvWMMkVTOAwYBXNKF1Jri2drJ6DY HTTP/1.1\" 302 104 \"http://localhost:9000/login\" \"Mozilla/5.0 (Windows NT 6.1; WOW64; rv:50.0) Gecko/20100101 Firefox/50.0\"\n","timestamp":"2016-11-24T11:16:28.926Z"}
{"level":"info","message":"::1 - - [Thu, 24 Nov 2016 11:16:29 GMT] \"GET /employee?ui_action=getEmpList HTTP/1.1\" 304 - \"http://localhost:9000/login\" \"Mozilla/5.0 (Windows NT 6.1; WOW64; rv:50.0) Gecko/20100101 Firefox/50.0\"\n","timestamp":"2016-11-24T11:16:29.334Z"}
{"level":"info","message":"::1 - - [Thu, 24 Nov 2016 11:16:31 GMT] \"GET /confbooking HTTP/1.1\" 200 3646 \"http://localhost:9000/employee?ui_action=getEmpList\" \"Mozilla/5.0 (Windows NT 6.1; WOW64; rv:50.0) Gecko/20100101 Firefox/50.0\"\n","timestamp":"2016-11-24T11:16:31.633Z"}
{"level":"info","message":"::1 - - [Thu, 24 Nov 2016 11:16:32 GMT] \"GET /postconf?ui_action=getConfList HTTP/1.1\" 304 - \"http://localhost:9000/confbooking\" \"Mozilla/5.0 (Windows NT 6.1; WOW64; rv:50.0) Gecko/20100101 Firefox/50.0\"\n","timestamp":"2016-11-24T11:16:32.210Z"}
{"level":"info","message":"::1 - - [Thu, 24 Nov 2016 11:17:45 GMT] \"GET /confbooking HTTP/1.1\" 302 56 \"http://localhost:9000/employee?ui_action=getEmpList\" \"Mozilla/5.0 (Windows NT 6.1; WOW64; rv:50.0) Gecko/20100101 Firefox/50.0\"\n","timestamp":"2016-11-24T11:17:45.611Z"}
{"level":"info","message":"::1 - - [Thu, 24 Nov 2016 11:17:45 GMT] \"GET /login HTTP/1.1\" 200 1026 \"http://localhost:9000/employee?ui_action=getEmpList\" \"Mozilla/5.0 (Windows NT 6.1; WOW64; rv:50.0) Gecko/20100101 Firefox/50.0\"\n","timestamp":"2016-11-24T11:17:45.642Z"}
{"level":"info","message":"::1 - - [Thu, 24 Nov 2016 11:17:48 GMT] \"GET /auth/facebook HTTP/1.1\" 302 0 \"http://localhost:9000/login\" \"Mozilla/5.0 (Windows NT 6.1; WOW64; rv:50.0) Gecko/20100101 Firefox/50.0\"\n","timestamp":"2016-11-24T11:17:48.254Z"}
{"level":"info","message":"::1 - - [Thu, 24 Nov 2016 11:17:51 GMT] \"GET /auth/facebook/callback?code=AQBJpodsDcANDrUJR6MAsMQOAkE6rLK3LHEfx0KM_-8WhTl1s5FZ0mJlho7tu15vGdbDcvrUeSsga80UTjhFSe7c4D98sSvZg8JBGJ0kQn_WWI5bo1SQgHMPIJjy3sSDgZG3k7lwtTR9BH4EM3mFw_4xeZh7yquqFdgKQUHzUKfpiJKpLkr9eRXTaEpP2zEoFs6-A5W4BSooUZm6UQqDzn__GLG42iFKtSYaPXTBeQDMX5BrtS-taTzOFrgJo0T-CzVvvP1PZNQQN2sYPJBOgruhTTxR3GbAfbOEmcUNXAKQC4XtqAa5WS5FUaYG-TdDAUA HTTP/1.1\" 302 104 \"http://localhost:9000/login\" \"Mozilla/5.0 (Windows NT 6.1; WOW64; rv:50.0) Gecko/20100101 Firefox/50.0\"\n","timestamp":"2016-11-24T11:17:51.644Z"}
{"level":"info","message":"::1 - - [Thu, 24 Nov 2016 11:17:51 GMT] \"GET /employee?ui_action=getEmpList HTTP/1.1\" 304 - \"http://localhost:9000/login\" \"Mozilla/5.0 (Windows NT 6.1; WOW64; rv:50.0) Gecko/20100101 Firefox/50.0\"\n","timestamp":"2016-11-24T11:17:51.747Z"}
{"level":"info","message":"::1 - - [Thu, 24 Nov 2016 11:25:20 GMT] \"GET /employee?ui_action=getEmpList HTTP/1.1\" 302 56 \"http://localhost:9000/login\" \"Mozilla/5.0 (Windows NT 6.1; WOW64; rv:50.0) Gecko/20100101 Firefox/50.0\"\n","timestamp":"2016-11-24T11:25:20.524Z"}
{"level":"info","message":"::1 - - [Thu, 24 Nov 2016 11:25:20 GMT] \"GET /login HTTP/1.1\" 200 1026 \"http://localhost:9000/login\" \"Mozilla/5.0 (Windows NT 6.1; WOW64; rv:50.0) Gecko/20100101 Firefox/50.0\"\n","timestamp":"2016-11-24T11:25:20.557Z"}
{"level":"info","message":"::1 - - [Thu, 24 Nov 2016 11:25:23 GMT] \"GET /auth/facebook HTTP/1.1\" 302 0 \"http://localhost:9000/login\" \"Mozilla/5.0 (Windows NT 6.1; WOW64; rv:50.0) Gecko/20100101 Firefox/50.0\"\n","timestamp":"2016-11-24T11:25:23.856Z"}
{"level":"error","message":"Error message {\"error\":\"(#100) Tried accessing nonexisting field (about_me) on node type (User)\"}","timestamp":"2016-11-24T11:25:28.128Z"}
{"level":"info","message":"::1 - - [Thu, 24 Nov 2016 11:25:28 GMT] \"GET /auth/facebook/callback?code=AQBd17ShCAkF8uDmrXfQ2aNyXOzPaPqXLeDewLs3J7xR_9GV6yVfLz9KqhTX9K0GX08bjCG1SGzgPSgqGbiRkqJkfWKOTbbN2xz8UwuILsB9gKLHBFN34WCvgXC5bPFFquDqINHwxShqcg1VZ3IUDG-wcmWNfCxKU67zjBRPtUY_Ai-hA23YaD-UGvE_EpQ-uPnu3nnYCcpO0z5D400VA6vAMABkMME3xy0pJR8YVvZ7sfd8zLT75f7PWM472iu2qSK7m0S8wvs1ozzB3wlfsEPn0j94OtGDm1QZimnS4tYO3WDBDE0gLdP5F_SMNT2z9vY HTTP/1.1\" 200 139 \"http://localhost:9000/login\" \"Mozilla/5.0 (Windows NT 6.1; WOW64; rv:50.0) Gecko/20100101 Firefox/50.0\"\n","timestamp":"2016-11-24T11:25:28.133Z"}
{"level":"error","message":"Error message {\"error\":\"This authorization code has been used.\"}","timestamp":"2016-11-24T11:25:55.499Z"}
{"level":"info","message":"::1 - - [Thu, 24 Nov 2016 11:25:55 GMT] \"GET /auth/facebook/callback?code=AQBd17ShCAkF8uDmrXfQ2aNyXOzPaPqXLeDewLs3J7xR_9GV6yVfLz9KqhTX9K0GX08bjCG1SGzgPSgqGbiRkqJkfWKOTbbN2xz8UwuILsB9gKLHBFN34WCvgXC5bPFFquDqINHwxShqcg1VZ3IUDG-wcmWNfCxKU67zjBRPtUY_Ai-hA23YaD-UGvE_EpQ-uPnu3nnYCcpO0z5D400VA6vAMABkMME3xy0pJR8YVvZ7sfd8zLT75f7PWM472iu2qSK7m0S8wvs1ozzB3wlfsEPn0j94OtGDm1QZimnS4tYO3WDBDE0gLdP5F_SMNT2z9vY HTTP/1.1\" 200 106 \"http://localhost:9000/login\" \"Mozilla/5.0 (Windows NT 6.1; WOW64; rv:50.0) Gecko/20100101 Firefox/50.0\"\n","timestamp":"2016-11-24T11:25:55.523Z"}
{"level":"error","message":"Error message {\"error\":\"This authorization code has been used.\"}","timestamp":"2016-11-24T11:26:13.007Z"}
{"level":"info","message":"::1 - - [Thu, 24 Nov 2016 11:26:13 GMT] \"GET /auth/facebook/callback?code=AQBd17ShCAkF8uDmrXfQ2aNyXOzPaPqXLeDewLs3J7xR_9GV6yVfLz9KqhTX9K0GX08bjCG1SGzgPSgqGbiRkqJkfWKOTbbN2xz8UwuILsB9gKLHBFN34WCvgXC5bPFFquDqINHwxShqcg1VZ3IUDG-wcmWNfCxKU67zjBRPtUY_Ai-hA23YaD-UGvE_EpQ-uPnu3nnYCcpO0z5D400VA6vAMABkMME3xy0pJR8YVvZ7sfd8zLT75f7PWM472iu2qSK7m0S8wvs1ozzB3wlfsEPn0j94OtGDm1QZimnS4tYO3WDBDE0gLdP5F_SMNT2z9vY HTTP/1.1\" 200 106 \"http://localhost:9000/login\" \"Mozilla/5.0 (Windows NT 6.1; WOW64; rv:50.0) Gecko/20100101 Firefox/50.0\"\n","timestamp":"2016-11-24T11:26:13.013Z"}
{"level":"error","message":"Error message {\"error\":\"This authorization code has been used.\"}","timestamp":"2016-11-24T11:26:25.442Z"}
{"level":"info","message":"::1 - - [Thu, 24 Nov 2016 11:26:25 GMT] \"GET /auth/facebook/callback?code=AQBd17ShCAkF8uDmrXfQ2aNyXOzPaPqXLeDewLs3J7xR_9GV6yVfLz9KqhTX9K0GX08bjCG1SGzgPSgqGbiRkqJkfWKOTbbN2xz8UwuILsB9gKLHBFN34WCvgXC5bPFFquDqINHwxShqcg1VZ3IUDG-wcmWNfCxKU67zjBRPtUY_Ai-hA23YaD-UGvE_EpQ-uPnu3nnYCcpO0z5D400VA6vAMABkMME3xy0pJR8YVvZ7sfd8zLT75f7PWM472iu2qSK7m0S8wvs1ozzB3wlfsEPn0j94OtGDm1QZimnS4tYO3WDBDE0gLdP5F_SMNT2z9vY HTTP/1.1\" 200 106 \"http://localhost:9000/login\" \"Mozilla/5.0 (Windows NT 6.1; WOW64; rv:50.0) Gecko/20100101 Firefox/50.0\"\n","timestamp":"2016-11-24T11:26:25.458Z"}
{"level":"error","message":"Error message {\"error\":\"This authorization code has been used.\"}","timestamp":"2016-11-24T11:26:52.103Z"}
{"level":"info","message":"::1 - - [Thu, 24 Nov 2016 11:26:52 GMT] \"GET /auth/facebook/callback?code=AQBd17ShCAkF8uDmrXfQ2aNyXOzPaPqXLeDewLs3J7xR_9GV6yVfLz9KqhTX9K0GX08bjCG1SGzgPSgqGbiRkqJkfWKOTbbN2xz8UwuILsB9gKLHBFN34WCvgXC5bPFFquDqINHwxShqcg1VZ3IUDG-wcmWNfCxKU67zjBRPtUY_Ai-hA23YaD-UGvE_EpQ-uPnu3nnYCcpO0z5D400VA6vAMABkMME3xy0pJR8YVvZ7sfd8zLT75f7PWM472iu2qSK7m0S8wvs1ozzB3wlfsEPn0j94OtGDm1QZimnS4tYO3WDBDE0gLdP5F_SMNT2z9vY HTTP/1.1\" 200 106 \"http://localhost:9000/login\" \"Mozilla/5.0 (Windows NT 6.1; WOW64; rv:50.0) Gecko/20100101 Firefox/50.0\"\n","timestamp":"2016-11-24T11:26:52.119Z"}
{"level":"info","message":"::1 - - [Thu, 24 Nov 2016 11:27:09 GMT] \"GET /login HTTP/1.1\" 304 - \"-\" \"Mozilla/5.0 (Windows NT 6.1; WOW64; rv:50.0) Gecko/20100101 Firefox/50.0\"\n","timestamp":"2016-11-24T11:27:09.509Z"}
{"level":"info","message":"::1 - - [Thu, 24 Nov 2016 11:27:12 GMT] \"GET /auth/facebook HTTP/1.1\" 302 0 \"http://localhost:9000/login\" \"Mozilla/5.0 (Windows NT 6.1; WOW64; rv:50.0) Gecko/20100101 Firefox/50.0\"\n","timestamp":"2016-11-24T11:27:12.957Z"}
{"level":"info","message":"::1 - - [Thu, 24 Nov 2016 11:27:18 GMT] \"GET /auth/facebook/callback?code=AQCCsT4uDMINtX80EtNf2FOqx2NGYe7CvgJhXp-i5McLID3MxNy7KAp9XgjJCGIg2KxTA5j5N4i90yIgT7AFpmp1inv4RHoeiAUov5uidzCEIbZ3RRiPuJWAnvW_-OKX5Feuyp60pNlt82Txzezz4u7NX9twhlbiFFCrNgQEAFpe1RAfeQ1FTGFXEPFvVwx1aNli9U7BgvLv4UpuUKbW_us35XBXQimHUrThjURZn1i02zcCsDhzaskL-tZ_zSiCJmfYMU8wsohGkjrpgbwR150NNSEn0v0sYWXpDrQdqK6gFNOGYCIbOvXRZWU0ll9MrRE HTTP/1.1\" 302 104 \"http://localhost:9000/login\" \"Mozilla/5.0 (Windows NT 6.1; WOW64; rv:50.0) Gecko/20100101 Firefox/50.0\"\n","timestamp":"2016-11-24T11:27:18.229Z"}
{"level":"info","message":"::1 - - [Thu, 24 Nov 2016 11:27:18 GMT] \"GET /employee?ui_action=getEmpList HTTP/1.1\" 200 1329 \"http://localhost:9000/login\" \"Mozilla/5.0 (Windows NT 6.1; WOW64; rv:50.0) Gecko/20100101 Firefox/50.0\"\n","timestamp":"2016-11-24T11:27:18.353Z"}
{"level":"info","message":"::1 - - [Thu, 24 Nov 2016 11:28:37 GMT] \"GET /employee?ui_action=getEmpList HTTP/1.1\" 302 56 \"http://localhost:9000/login\" \"Mozilla/5.0 (Windows NT 6.1; WOW64; rv:50.0) Gecko/20100101 Firefox/50.0\"\n","timestamp":"2016-11-24T11:28:37.950Z"}
{"level":"info","message":"::1 - - [Thu, 24 Nov 2016 11:28:37 GMT] \"GET /login HTTP/1.1\" 200 1026 \"http://localhost:9000/login\" \"Mozilla/5.0 (Windows NT 6.1; WOW64; rv:50.0) Gecko/20100101 Firefox/50.0\"\n","timestamp":"2016-11-24T11:28:37.975Z"}
{"level":"info","message":"::1 - - [Thu, 24 Nov 2016 11:28:44 GMT] \"GET /login HTTP/1.1\" 304 - \"-\" \"Mozilla/5.0 (Windows NT 6.1; WOW64; rv:50.0) Gecko/20100101 Firefox/50.0\"\n","timestamp":"2016-11-24T11:28:44.354Z"}
{"level":"info","message":"::1 - - [Thu, 24 Nov 2016 11:28:46 GMT] \"GET /auth/facebook HTTP/1.1\" 302 0 \"http://localhost:9000/login\" \"Mozilla/5.0 (Windows NT 6.1; WOW64; rv:50.0) Gecko/20100101 Firefox/50.0\"\n","timestamp":"2016-11-24T11:28:46.031Z"}
{"level":"info","message":"::1 - - [Thu, 24 Nov 2016 11:28:55 GMT] \"GET /auth/facebook/callback?code=AQDbEvPo_R8csizB2PP9dNcxlxefCfNp_F2x-qLjx6lWy62uKFeddtMcTiUow1DaImP2jqMX4gLRZmQ79yVK1VfeCbnivqkouzSLdVJ1LmMO7VBmpiNGrkc9zJlYG-2WeiOsKCKpPsHWl4l236Xcwewgd3UgI9bB6F5deDP4O33DFb2VCU7RCL5LmQy0IE-cE_-GtRUOLtxcoTxtrqJBmbjw6VMPQvJPJBTDb107Rpm83uRw2J1bI4sbuA2Escn3RJUOiJCpxxHH0Mp8mnjqxEq8QvYKFcc6pGA2WDlpcIPqWT8vbHHY70CuFuOxzT5LwJs HTTP/1.1\" 302 104 \"http://localhost:9000/login\" \"Mozilla/5.0 (Windows NT 6.1; WOW64; rv:50.0) Gecko/20100101 Firefox/50.0\"\n","timestamp":"2016-11-24T11:28:55.087Z"}
{"level":"info","message":"::1 - - [Thu, 24 Nov 2016 11:28:55 GMT] \"GET /employee?ui_action=getEmpList HTTP/1.1\" 200 1329 \"http://localhost:9000/login\" \"Mozilla/5.0 (Windows NT 6.1; WOW64; rv:50.0) Gecko/20100101 Firefox/50.0\"\n","timestamp":"2016-11-24T11:28:55.206Z"}
